<?xml version="1.0" encoding="UTF-8"?>
<!-- Generated by org.testng.reporters.JUnitReportReporter -->
<testsuite hostname="AL02274756.local" failures="0" tests="2" name="com.example.SearchTest" time="0.806" errors="1" timestamp="17 9ì›” 2023 04:02:41 GMT" skipped="1">
  <testcase classname="com.example.SearchTest" name="setup" time="0.806">
    <error message="Unable to create new service: OperaDriverService
Build info: version: &#039;3.12.0&#039;, revision: &#039;7c6e0b3&#039;, time: &#039;2018-05-08T15:15:08.936Z&#039;
System info: host: &#039;AL02274756.local&#039;, ip: &#039;fe80:0:0:0:143d:8089:6691:6b68%en0&#039;, os.name: &#039;Mac OS X&#039;, os.arch: &#039;x86_64&#039;, os.version: &#039;10.16&#039;, java.version: &#039;1.8.0_292&#039;
Driver info: driver.version: unknown
Command duration or timeout: 425 milliseconds" type="org.openqa.selenium.SessionNotCreatedException">
      <![CDATA[org.openqa.selenium.SessionNotCreatedException: Unable to create new service: OperaDriverServiceBuild info: version: '3.12.0', revision: '7c6e0b3', time: '2018-05-08T15:15:08.936Z'System info: host: 'AL02274756.local', ip: 'fe80:0:0:0:143d:8089:6691:6b68%en0', os.name: 'Mac OS X', os.arch: 'x86_64', os.version: '10.16', java.version: '1.8.0_292'Driver info: driver.version: unknownCommand duration or timeout: 425 millisecondsat java.base/jdk.internal.reflect.NativeConstructorAccessorImpl.newInstance0(Native Method)at java.base/jdk.internal.reflect.NativeConstructorAccessorImpl.newInstance(NativeConstructorAccessorImpl.java:77)at java.base/jdk.internal.reflect.DelegatingConstructorAccessorImpl.newInstance(DelegatingConstructorAccessorImpl.java:45)at java.base/java.lang.reflect.Constructor.newInstanceWithCaller(Constructor.java:499)at java.base/java.lang.reflect.Constructor.newInstance(Constructor.java:480)at org.openqa.selenium.remote.ErrorHandler.createThrowable(ErrorHandler.java:214)at org.openqa.selenium.remote.ErrorHandler.throwIfResponseFailed(ErrorHandler.java:166)at org.openqa.selenium.remote.JsonWireProtocolResponse.lambda$new$0(JsonWireProtocolResponse.java:53)at org.openqa.selenium.remote.JsonWireProtocolResponse.lambda$getResponseFunction$2(JsonWireProtocolResponse.java:91)at org.openqa.selenium.remote.ProtocolHandshake.lambda$createSession$0(ProtocolHandshake.java:123)at java.base/java.util.stream.ReferencePipeline$3$1.accept(ReferencePipeline.java:197)at java.base/java.util.Spliterators$ArraySpliterator.tryAdvance(Spliterators.java:1002)at java.base/java.util.stream.ReferencePipeline.forEachWithCancel(ReferencePipeline.java:129)at java.base/java.util.stream.AbstractPipeline.copyIntoWithCancel(AbstractPipeline.java:527)at java.base/java.util.stream.AbstractPipeline.copyInto(AbstractPipeline.java:513)at java.base/java.util.stream.AbstractPipeline.wrapAndCopyInto(AbstractPipeline.java:499)at java.base/java.util.stream.FindOps$FindOp.evaluateSequential(FindOps.java:150)at java.base/java.util.stream.AbstractPipeline.evaluate(AbstractPipeline.java:234)at java.base/java.util.stream.ReferencePipeline.findFirst(ReferencePipeline.java:647)at org.openqa.selenium.remote.ProtocolHandshake.createSession(ProtocolHandshake.java:126)at org.openqa.selenium.remote.ProtocolHandshake.createSession(ProtocolHandshake.java:73)at org.openqa.selenium.remote.HttpCommandExecutor.execute(HttpCommandExecutor.java:136)at org.openqa.selenium.remote.RemoteWebDriver.execute(RemoteWebDriver.java:543)at org.openqa.selenium.remote.RemoteWebDriver.startSession(RemoteWebDriver.java:207)at org.openqa.selenium.remote.RemoteWebDriver.<init>(RemoteWebDriver.java:130)at org.openqa.selenium.remote.RemoteWebDriver.<init>(RemoteWebDriver.java:143)at com.example.SearchTest.setup(SearchTest.java:33)at java.base/jdk.internal.reflect.NativeMethodAccessorImpl.invoke0(Native Method)at java.base/jdk.internal.reflect.NativeMethodAccessorImpl.invoke(NativeMethodAccessorImpl.java:77)at java.base/jdk.internal.reflect.DelegatingMethodAccessorImpl.invoke(DelegatingMethodAccessorImpl.java:43)at java.base/java.lang.reflect.Method.invoke(Method.java:568)at org.testng.internal.MethodInvocationHelper.invokeMethod(MethodInvocationHelper.java:124)at org.testng.internal.MethodInvocationHelper.invokeMethodConsideringTimeout(MethodInvocationHelper.java:59)at org.testng.internal.Invoker.invokeConfigurationMethod(Invoker.java:451)at org.testng.internal.Invoker.invokeConfigurations(Invoker.java:222)at org.testng.internal.Invoker.invokeMethod(Invoker.java:516)at org.testng.internal.Invoker.invokeTestMethod(Invoker.java:707)at org.testng.internal.Invoker.invokeTestMethods(Invoker.java:979)at org.testng.internal.TestMethodWorker.invokeTestMethods(TestMethodWorker.java:125)at org.testng.internal.TestMethodWorker.run(TestMethodWorker.java:109)at org.testng.TestRunner.privateRun(TestRunner.java:648)at org.testng.TestRunner.run(TestRunner.java:505)at org.testng.SuiteRunner.runTest(SuiteRunner.java:455)at org.testng.SuiteRunner.runSequentially(SuiteRunner.java:450)at org.testng.SuiteRunner.privateRun(SuiteRunner.java:415)at org.testng.SuiteRunner.run(SuiteRunner.java:364)at org.testng.SuiteRunnerWorker.runSuite(SuiteRunnerWorker.java:52)at org.testng.SuiteRunnerWorker.run(SuiteRunnerWorker.java:84)at org.testng.TestNG.runSuitesSequentially(TestNG.java:1187)at org.testng.TestNG.runSuitesLocally(TestNG.java:1116)at org.testng.TestNG.runSuites(TestNG.java:1028)at org.testng.TestNG.run(TestNG.java:996)at org.testng.remote.AbstractRemoteTestNG.run(AbstractRemoteTestNG.java:115)at org.testng.remote.RemoteTestNG.initAndRun(RemoteTestNG.java:251)at org.testng.remote.RemoteTestNG.main(RemoteTestNG.java:77)Caused by: org.openqa.selenium.SessionNotCreatedException: Unable to create new service: OperaDriverServiceBuild info: version: '3.12.0', revision: '7c6e0b3', time: '2018-05-08T15:15:08.936Z'System info: host: 'AL02274756.local', ip: 'fe80:0:0:0:143d:8089:6691:6b68%en0', os.name: 'Mac OS X', os.arch: 'x86_64', os.version: '10.16', java.version: '1.8.0_292'Driver info: driver.version: unknownBuild info: version: '3.12.0', revision: '7c6e0b3', time: '2018-05-08T14:04:26.12Z'System info: host: 'AL02274756.local', ip: 'fe80:0:0:0:143d:8089:6691:6b68%en0', os.name: 'Mac OS X', os.arch: 'x86_64', os.version: '13.0.1', java.version: '17.0.6'Driver info: driver.version: unknownat org.openqa.selenium.remote.server.ServicedSession$Factory.lambda$get$0(ServicedSession.java:133)at org.openqa.selenium.remote.server.ServicedSession$Factory.apply(ServicedSession.java:150)at org.openqa.selenium.remote.server.ActiveSessionFactory.lambda$apply$12(ActiveSessionFactory.java:176)at java.util.stream.ReferencePipeline$3$1.accept(ReferencePipeline.java:193)at java.util.stream.ReferencePipeline$11$1.accept(ReferencePipeline.java:440)at java.util.stream.ReferencePipeline$2$1.accept(ReferencePipeline.java:175)at java.util.Spliterators$ArraySpliterator.tryAdvance(Spliterators.java:958)at java.util.stream.ReferencePipeline.forEachWithCancel(ReferencePipeline.java:126)at java.util.stream.AbstractPipeline.copyIntoWithCancel(AbstractPipeline.java:499)at java.util.stream.AbstractPipeline.copyInto(AbstractPipeline.java:486)at java.util.stream.AbstractPipeline.wrapAndCopyInto(AbstractPipeline.java:472)at java.util.stream.FindOps$FindOp.evaluateSequential(FindOps.java:152)at java.util.stream.AbstractPipeline.evaluate(AbstractPipeline.java:234)at java.util.stream.ReferencePipeline.findFirst(ReferencePipeline.java:531)at org.openqa.selenium.remote.server.ActiveSessionFactory.apply(ActiveSessionFactory.java:179)at org.openqa.selenium.remote.server.NewSessionPipeline.lambda$null$2(NewSessionPipeline.java:65)at java.util.stream.ReferencePipeline$3$1.accept(ReferencePipeline.java:193)at java.util.stream.ReferencePipeline$2$1.accept(ReferencePipeline.java:175)at java.util.Collections$2.tryAdvance(Collections.java:4719)at java.util.stream.ReferencePipeline.forEachWithCancel(ReferencePipeline.java:126)at java.util.stream.AbstractPipeline.copyIntoWithCancel(AbstractPipeline.java:499)at java.util.stream.AbstractPipeline.copyInto(AbstractPipeline.java:486)at java.util.stream.AbstractPipeline.wrapAndCopyInto(AbstractPipeline.java:472)at java.util.stream.FindOps$FindOp.evaluateSequential(FindOps.java:152)at java.util.stream.AbstractPipeline.evaluate(AbstractPipeline.java:234)at java.util.stream.ReferencePipeline.findFirst(ReferencePipeline.java:531)at org.openqa.selenium.remote.server.NewSessionPipeline.lambda$createNewSession$3(NewSessionPipeline.java:68)at java.util.stream.ReferencePipeline$3$1.accept(ReferencePipeline.java:193)at java.util.stream.ReferencePipeline$3$1.accept(ReferencePipeline.java:193)at java.util.stream.ReferencePipeline$3$1.accept(ReferencePipeline.java:193)at java.util.stream.DistinctOps$1$2.accept(DistinctOps.java:175)at java.util.stream.ReferencePipeline$2$1.accept(ReferencePipeline.java:175)at java.util.stream.ReferencePipeline$3$1.accept(ReferencePipeline.java:193)at java.util.stream.ReferencePipeline$2$1.accept(ReferencePipeline.java:175)at java.util.stream.Streams$StreamBuilderImpl.tryAdvance(Streams.java:405)at java.util.stream.Streams$ConcatSpliterator.tryAdvance(Streams.java:728)at java.util.stream.ReferencePipeline.forEachWithCancel(ReferencePipeline.java:126)at java.util.stream.AbstractPipeline.copyIntoWithCancel(AbstractPipeline.java:499)at java.util.stream.AbstractPipeline.copyInto(AbstractPipeline.java:486)at java.util.stream.AbstractPipeline.wrapAndCopyInto(AbstractPipeline.java:472)at java.util.stream.FindOps$FindOp.evaluateSequential(FindOps.java:152)at java.util.stream.AbstractPipeline.evaluate(AbstractPipeline.java:234)at java.util.stream.ReferencePipeline.findFirst(ReferencePipeline.java:531)at org.openqa.selenium.remote.server.NewSessionPipeline.createNewSession(NewSessionPipeline.java:71)at org.openqa.selenium.remote.server.commandhandler.BeginSession.execute(BeginSession.java:65)at org.openqa.selenium.remote.server.WebDriverServlet.lambda$handle$1(WebDriverServlet.java:246)at java.util.concurrent.Executors$RunnableAdapter.call(Executors.java:511)at java.util.concurrent.FutureTask.run(FutureTask.java:266)at java.util.concurrent.ThreadPoolExecutor.runWorker(ThreadPoolExecutor.java:1149)at java.util.concurrent.ThreadPoolExecutor$Worker.run(ThreadPoolExecutor.java:624)at java.lang.Thread.run(Thread.java:748)]]>
    </error>
  </testcase> <!-- setup -->
  <testcase classname="com.example.SearchTest" name="searchProduct" time="0.000">
    <skipped/>
  </testcase> <!-- searchProduct -->
</testsuite> <!-- com.example.SearchTest -->
