<?xml version="1.0" encoding="UTF-8"?>
<!-- Generated by org.testng.reporters.JUnitReportReporter -->
<testsuite hostname="AL02274756.local" failures="0" tests="2" name="com.example.BmiCalculatorTest" time="0.415" errors="1" timestamp="17 9ì›” 2023 06:28:38 GMT" skipped="1">
  <testcase classname="com.example.BmiCalculatorTest" name="setUp" time="0.415">
    <error message="Unable to parse remote response: [Fiddler] DNS Lookup for &quot;oauth-sunniee98-f8ad6:08ab0b25-9e6b-497a-8e0f-e6957f717565@ondemand.saucelabs.com&quot; failed. System.Net.Sockets.SocketException nodename nor servname provided, or not known                                                                                                                                                                                                                                                                                                                            
Build info: version: &#039;3.12.0&#039;, revision: &#039;7c6e0b3&#039;, time: &#039;2018-05-08T14:04:26.12Z&#039;
System info: host: &#039;AL02274756.local&#039;, ip: &#039;fe80:0:0:0:143d:8089:6691:6b68%en0&#039;, os.name: &#039;Mac OS X&#039;, os.arch: &#039;x86_64&#039;, os.version: &#039;13.0.1&#039;, java.version: &#039;17.0.6&#039;
Driver info: driver.version: RemoteWebDriver" type="org.openqa.selenium.WebDriverException">
      <![CDATA[org.openqa.selenium.WebDriverException: Unable to parse remote response: [Fiddler] DNS Lookup for "oauth-sunniee98-f8ad6:08ab0b25-9e6b-497a-8e0f-e6957f717565@ondemand.saucelabs.com" failed. System.Net.Sockets.SocketException nodename nor servname provided, or not known                                                                                                                                                                                                                                                                                                                            Build info: version: '3.12.0', revision: '7c6e0b3', time: '2018-05-08T14:04:26.12Z'System info: host: 'AL02274756.local', ip: 'fe80:0:0:0:143d:8089:6691:6b68%en0', os.name: 'Mac OS X', os.arch: 'x86_64', os.version: '13.0.1', java.version: '17.0.6'Driver info: driver.version: RemoteWebDriverat org.openqa.selenium.remote.ProtocolHandshake.createSession(ProtocolHandshake.java:111)at org.openqa.selenium.remote.ProtocolHandshake.createSession(ProtocolHandshake.java:73)at org.openqa.selenium.remote.HttpCommandExecutor.execute(HttpCommandExecutor.java:136)at org.openqa.selenium.remote.RemoteWebDriver.execute(RemoteWebDriver.java:543)at org.openqa.selenium.remote.RemoteWebDriver.startSession(RemoteWebDriver.java:207)at org.openqa.selenium.remote.RemoteWebDriver.<init>(RemoteWebDriver.java:130)at org.openqa.selenium.remote.RemoteWebDriver.<init>(RemoteWebDriver.java:143)at com.example.BmiCalculatorTest.setUp(BmiCalculatorTest.java:33)at java.base/jdk.internal.reflect.NativeMethodAccessorImpl.invoke0(Native Method)at java.base/jdk.internal.reflect.NativeMethodAccessorImpl.invoke(NativeMethodAccessorImpl.java:77)at java.base/jdk.internal.reflect.DelegatingMethodAccessorImpl.invoke(DelegatingMethodAccessorImpl.java:43)at java.base/java.lang.reflect.Method.invoke(Method.java:568)at org.testng.internal.MethodInvocationHelper.invokeMethod(MethodInvocationHelper.java:124)at org.testng.internal.MethodInvocationHelper.invokeMethodConsideringTimeout(MethodInvocationHelper.java:59)at org.testng.internal.Invoker.invokeConfigurationMethod(Invoker.java:451)at org.testng.internal.Invoker.invokeConfigurations(Invoker.java:222)at org.testng.internal.Invoker.invokeMethod(Invoker.java:516)at org.testng.internal.Invoker.invokeTestMethod(Invoker.java:707)at org.testng.internal.Invoker.invokeTestMethods(Invoker.java:979)at org.testng.internal.TestMethodWorker.invokeTestMethods(TestMethodWorker.java:125)at org.testng.internal.TestMethodWorker.run(TestMethodWorker.java:109)at org.testng.TestRunner.privateRun(TestRunner.java:648)at org.testng.TestRunner.run(TestRunner.java:505)at org.testng.SuiteRunner.runTest(SuiteRunner.java:455)at org.testng.SuiteRunner.runSequentially(SuiteRunner.java:450)at org.testng.SuiteRunner.privateRun(SuiteRunner.java:415)at org.testng.SuiteRunner.run(SuiteRunner.java:364)at org.testng.SuiteRunnerWorker.runSuite(SuiteRunnerWorker.java:52)at org.testng.SuiteRunnerWorker.run(SuiteRunnerWorker.java:84)at org.testng.TestNG.runSuitesSequentially(TestNG.java:1187)at org.testng.TestNG.runSuitesLocally(TestNG.java:1116)at org.testng.TestNG.runSuites(TestNG.java:1028)at org.testng.TestNG.run(TestNG.java:996)at org.testng.remote.AbstractRemoteTestNG.run(AbstractRemoteTestNG.java:115)at org.testng.remote.RemoteTestNG.initAndRun(RemoteTestNG.java:251)at org.testng.remote.RemoteTestNG.main(RemoteTestNG.java:77)]]>
    </error>
  </testcase> <!-- setUp -->
  <testcase classname="com.example.BmiCalculatorTest" name="testBmiCalc" time="0.000">
    <skipped/>
  </testcase> <!-- testBmiCalc -->
</testsuite> <!-- com.example.BmiCalculatorTest -->
